<?xml version="1.0" encoding="UTF-8"?>
<!-- Generated by org.testng.reporters.JUnitReportReporter -->
<testsuite skipped="0" hostname="DESKTOP-IJLUITG" name="zooperTestcase.TC_001_SearchLocation" tests="1" failures="0" timestamp="2022-03-01T16:23:35 IST" time="4.281" errors="0">
  <testcase name="location" time="4.281" classname="zooperTestcase.TC_001_SearchLocation"/>
  <system-out/>
</testsuite> <!-- zooperTestcase.TC_001_SearchLocation -->
